Arguments: 
  /home/dizz0/.nvm/versions/node/v20.7.0/bin/node /home/dizz0/.nvm/versions/node/v20.7.0/bin/yarn publish

PATH: 
  /home/dizz0/.vscode-server/bin/b58957e67ee1e712cebf466b995adf4c5307b2bd/bin/remote-cli:/home/dizz0/go/bin:/usr/local/go/bin:/home/dizz0/.local/bin:/home/dizz0/.cargo/bin:/home/dizz0/.nvm/versions/node/v20.7.0/bin:/usr/local/sbin:/usr/local/bin:/usr/sbin:/usr/bin:/sbin:/bin:/usr/games:/usr/local/games:/usr/lib/wsl/lib:/mnt/c/windows/system32:/mnt/c/windows:/mnt/c/windows/system32/wbem:/mnt/c/windows/system32/windowspowershell/v1.0/:/mnt/c/windows/system32/openssh/:/mnt/c/program files/microsoft sql server/150/tools/binn/:/mnt/c/program files/dotnet/:/mnt/c/program files/nvidia corporation/nvidia nvdlisr:/mnt/c/program files/nodejs/:/mnt/c/programdata/chocolatey/bin:/mnt/c/program files/go/bin:/mnt/c/program files/git/cmd:/mnt/c/Users/rocks/AppData/Local/JSONBuddy:/mnt/c/Users/rocks/AppData/Local/Microsoft/WindowsApps:/mnt/c/Users/rocks/AppData/Local/GitHubDesktop/bin:/mnt/c/Users/rocks/AppData/Roaming/npm:/mnt/c/Users/rocks/AppData/Local/Programs/Microsoft VS Code/bin:/mnt/c/Users/rocks/go/bin:/mnt/c/ProgramData/chocolatey/lib/mingw/tools/install/mingw64/bin:/mnt/c/Program Files/heroku/bin:/mnt/c/Program Files (x86)/BrowserStackLocal/:/snap/bin

Yarn version: 
  1.22.19

Node version: 
  20.7.0

Platform: 
  linux x64

Trace: 
  Error: https://registry.yarnpkg.com/-/user/org.couchdb.user:sciampa: failed to authenticate: Could not authenticate sciampa: bad password
      at params.callback [as _callback] (/home/dizz0/.nvm/versions/node/v20.7.0/lib/node_modules/yarn/lib/cli.js:66145:18)
      at self.callback (/home/dizz0/.nvm/versions/node/v20.7.0/lib/node_modules/yarn/lib/cli.js:140890:22)
      at Request.emit (node:events:514:28)
      at Request.<anonymous> (/home/dizz0/.nvm/versions/node/v20.7.0/lib/node_modules/yarn/lib/cli.js:141862:10)
      at Request.emit (node:events:514:28)
      at IncomingMessage.<anonymous> (/home/dizz0/.nvm/versions/node/v20.7.0/lib/node_modules/yarn/lib/cli.js:141784:12)
      at Object.onceWrapper (node:events:628:28)
      at IncomingMessage.emit (node:events:526:35)
      at endReadableNT (node:internal/streams/readable:1376:12)
      at process.processTicksAndRejections (node:internal/process/task_queues:82:21)

npm manifest: 
  {
  		"name": "@fuzio/contracts",
  		"version": "0.9.0",
  		"description": "Fuzio Typescript Library",
  		"author": "Marius Modlich <marius@digitalkitchen.zone>",
  		"repository": "https://github.com/Fuzio-DeFi-Network/fuzio-types",
  		"homepage": "https://fuzio.network",
  		"license": "SEE LICENSE IN LICENSE",
  		"main": "main/index.js",
  		"typings": "types/index.d.ts",
  		"directories": {
  				"lib": "src"
  		},
  		"files": [
  				"types",
  				"main"
  		],
  		"scripts": {
  				"build": "cross-env BABEL_ENV=production babel src --out-dir main --delete-dir-on-start --extensions \".tsx,.ts,.js\"",
  				"build:ts": "tsc --project ./tsconfig.json",
  				"buidl": "npm run build && npm run build:ts",
  				"codegen": "cross-env NODE_ENV=development babel-node scripts/codegen.js",
  				"lint": "eslint src --fix"
  		},
  		"keywords": [],
  		"devDependencies": {
  				"@babel/cli": "7.22.10",
  				"@babel/core": "7.22.10",
  				"@babel/eslint-parser": "^7.22.10",
  				"@babel/node": "^7.22.10",
  				"@babel/plugin-proposal-class-properties": "7.18.6",
  				"@babel/plugin-proposal-export-default-from": "7.22.5",
  				"@babel/plugin-proposal-nullish-coalescing-operator": "7.18.6",
  				"@babel/plugin-proposal-numeric-separator": "7.18.6",
  				"@babel/plugin-proposal-object-rest-spread": "7.20.7",
  				"@babel/plugin-proposal-optional-chaining": "7.21.0",
  				"@babel/plugin-transform-runtime": "7.22.10",
  				"@babel/preset-env": "7.22.10",
  				"@babel/preset-typescript": "^7.22.5",
  				"@commitlint/cli": "^17.7.1",
  				"@commitlint/config-conventional": "^17.7.0",
  				"@cosmwasm/ts-codegen": "^0.35.3",
  				"@release-it/conventional-changelog": "^7.0.0",
  				"@types/jest": "^29.5.3",
  				"@typescript-eslint/eslint-plugin": "^6.4.1",
  				"@typescript-eslint/parser": "^6.4.1",
  				"babel-core": "7.0.0-bridge.0",
  				"babel-jest": "29.6.3",
  				"babel-watch": "^7.8.1",
  				"commitizen": "^4.3.0",
  				"cross-env": "^7.0.3",
  				"cz-conventional-changelog": "^3.3.0",
  				"eslint": "8.47.0",
  				"eslint-config-canonical": "^41.1.7",
  				"eslint-plugin-canonical": "^4.9.0",
  				"husky": "^8.0.3",
  				"jest": "^29.6.3",
  				"jest-in-case": "^1.0.2",
  				"lint-staged": "^14.0.1",
  				"long": "^5.2.3",
  				"regenerator-runtime": "^0.14.0",
  				"release-it": "^16.1.5",
  				"rimraf": "^5.0.1",
  				"ts-jest": "^29.1.1",
  				"typescript": "^5.1.6"
  		},
  		"dependencies": {
  				"@babel/runtime": "^7.22.10",
  				"@cosmjs/cosmwasm-stargate": "0.31.1",
  				"@cosmjs/proto-signing": "0.31.1",
  				"@cosmjs/stargate": "0.31.1"
  		},
  		"config": {
  				"commitizen": {
  						"path": "./node_modules/cz-conventional-changelog"
  				}
  		},
  		"release-it": {
  				"github": {
  						"release": true
  				},
  				"npm": {
  						"publish": false
  				},
  				"plugins": {
  						"@release-it/conventional-changelog": {
  								"infile": "CHANGELOG.md",
  								"preset": {
  										"name": "conventionalcommits",
  										"types": [
  												{
  														"type": "feat",
  														"section": "Features"
  												},
  												{
  														"type": "fix",
  														"section": "Bug Fixes"
  												},
  												{
  														"type": "refactor",
  														"section": "Refactor"
  												},
  												{
  														"type": "perf",
  														"section": "Performance"
  												},
  												{
  														"type": "style",
  														"section": "Visuals"
  												},
  												{
  														"type": "docs",
  														"section": "Docs"
  												},
  												{
  														"type": "chore",
  														"section": "Chore"
  												},
  												{
  														"type": "test",
  														"section": "Tests"
  												}
  										]
  								}
  						}
  				}
  		}
  }

yarn manifest: 
  No manifest

Lockfile: 
  No lockfile
